0 info it worked if it ends with ok
1 verbose cli [ '/usr/bin/nodejs', '/usr/bin/npm', 'install', '-g', 'n' ]
2 info using npm@1.4.21
3 info using node@v0.10.25
4 verbose cache add [ 'n', null ]
5 verbose cache add name=undefined spec="n" args=["n",null]
6 verbose parsed url { protocol: null,
6 verbose parsed url   slashes: null,
6 verbose parsed url   auth: null,
6 verbose parsed url   host: null,
6 verbose parsed url   port: null,
6 verbose parsed url   hostname: null,
6 verbose parsed url   hash: null,
6 verbose parsed url   search: null,
6 verbose parsed url   query: null,
6 verbose parsed url   pathname: 'n',
6 verbose parsed url   path: 'n',
6 verbose parsed url   href: 'n' }
7 silly lockFile d1854cae-n n
8 verbose lock n /home/jackmac/.npm/d1854cae-n.lock
9 silly lockFile d1854cae-n n
10 silly lockFile d1854cae-n n
11 verbose addNamed [ 'n', '' ]
12 verbose addNamed [ null, '*' ]
13 silly lockFile 6b58d7dc-n n@
14 verbose lock n@ /home/jackmac/.npm/6b58d7dc-n.lock
15 silly addNameRange { name: 'n', range: '*', hasData: false }
16 verbose request where is /n
17 verbose request registry https://registry.npmjs.org/
18 verbose request id c3dec5b66f00415d
19 verbose url raw /n
20 verbose url resolving [ 'https://registry.npmjs.org/', './n' ]
21 verbose url resolved https://registry.npmjs.org/n
22 verbose request where is https://registry.npmjs.org/n
23 info trying registry request attempt 1 at 16:44:45
24 verbose etag "46QCIZ89OXO2KU7X24W0XQH19"
25 http GET https://registry.npmjs.org/n
26 http 304 https://registry.npmjs.org/n
27 silly registry.get cb [ 304,
27 silly registry.get   { date: 'Sat, 02 Apr 2016 20:44:50 GMT',
27 silly registry.get     via: '1.1 varnish',
27 silly registry.get     'cache-control': 'max-age=300',
27 silly registry.get     etag: '"46QCIZ89OXO2KU7X24W0XQH19"',
27 silly registry.get     age: '281',
27 silly registry.get     connection: 'keep-alive',
27 silly registry.get     'x-served-by': 'cache-atl6223-ATL',
27 silly registry.get     'x-cache': 'HIT',
27 silly registry.get     'x-cache-hits': '1',
27 silly registry.get     'x-timer': 'S1459629890.785169,VS0,VE0',
27 silly registry.get     vary: 'Accept' } ]
28 verbose etag https://registry.npmjs.org/n from cache
29 silly addNameRange number 2 { name: 'n', range: '*', hasData: true }
30 silly addNameRange versions [ 'n',
30 silly addNameRange   [ '0.0.1',
30 silly addNameRange     '0.0.2',
30 silly addNameRange     '0.0.3',
30 silly addNameRange     '0.0.4',
30 silly addNameRange     '0.1.0',
30 silly addNameRange     '0.1.1',
30 silly addNameRange     '0.1.2',
30 silly addNameRange     '0.2.0',
30 silly addNameRange     '0.2.1',
30 silly addNameRange     '0.2.2',
30 silly addNameRange     '0.3.0',
30 silly addNameRange     '0.4.0',
30 silly addNameRange     '0.4.1',
30 silly addNameRange     '0.4.2',
30 silly addNameRange     '0.5.0',
30 silly addNameRange     '0.5.1',
30 silly addNameRange     '0.5.2',
30 silly addNameRange     '0.5.3',
30 silly addNameRange     '0.5.4',
30 silly addNameRange     '0.6.0',
30 silly addNameRange     '0.6.1',
30 silly addNameRange     '0.7.0',
30 silly addNameRange     '0.7.1',
30 silly addNameRange     '0.7.2',
30 silly addNameRange     '0.7.3',
30 silly addNameRange     '0.8.0',
30 silly addNameRange     '0.8.1',
30 silly addNameRange     '0.8.2',
30 silly addNameRange     '0.9.0',
30 silly addNameRange     '0.9.1',
30 silly addNameRange     '0.9.2',
30 silly addNameRange     '0.9.3',
30 silly addNameRange     '1.0.0',
30 silly addNameRange     '1.1.0',
30 silly addNameRange     '1.2.1',
30 silly addNameRange     '1.2.2',
30 silly addNameRange     '1.2.3',
30 silly addNameRange     '1.2.4',
30 silly addNameRange     '1.2.5',
30 silly addNameRange     '1.2.6',
30 silly addNameRange     '1.2.7',
30 silly addNameRange     '1.2.8',
30 silly addNameRange     '1.2.9',
30 silly addNameRange     '1.2.11',
30 silly addNameRange     '1.2.13',
30 silly addNameRange     '1.2.14',
30 silly addNameRange     '1.3.0',
30 silly addNameRange     '1.4.0',
30 silly addNameRange     '2.0.0',
30 silly addNameRange     '1.4.1',
30 silly addNameRange     '2.0.1',
30 silly addNameRange     '1.4.2',
30 silly addNameRange     '2.0.2',
30 silly addNameRange     '2.1.0' ] ]
31 verbose addNamed [ 'n', '2.1.0' ]
32 verbose addNamed [ '2.1.0', '2.1.0' ]
33 silly lockFile 0a8123fc-n-2-1-0 n@2.1.0
34 verbose lock n@2.1.0 /home/jackmac/.npm/0a8123fc-n-2-1-0.lock
35 silly lockFile 0a8123fc-n-2-1-0 n@2.1.0
36 silly lockFile 0a8123fc-n-2-1-0 n@2.1.0
37 silly lockFile 6b58d7dc-n n@
38 silly lockFile 6b58d7dc-n n@
39 silly resolved [ { name: 'n',
39 silly resolved     description: 'Interactively Manage All Your Node Versions',
39 silly resolved     version: '2.1.0',
39 silly resolved     author: { name: 'TJ Holowaychuk', email: 'tj@vision-media.ca' },
39 silly resolved     homepage: 'https://github.com/tj/n',
39 silly resolved     bugs: { url: 'https://github.com/tj/n/issues' },
39 silly resolved     contributors: [ [Object], [Object], [Object] ],
39 silly resolved     keywords:
39 silly resolved      [ 'nvm',
39 silly resolved        'node',
39 silly resolved        'version',
39 silly resolved        'manager',
39 silly resolved        'switcher',
39 silly resolved        'node',
39 silly resolved        'binary',
39 silly resolved        'env' ],
39 silly resolved     bin: { n: './bin/n' },
39 silly resolved     repository: { type: 'git', url: 'git://github.com/tj/n.git' },
39 silly resolved     preferGlobal: true,
39 silly resolved     os: [ '!win32' ],
39 silly resolved     engines: { node: '*' },
39 silly resolved     license: 'MIT',
39 silly resolved     gitHead: '17ef0bf936c9ddb57b174d79f81ae04d8257883e',
39 silly resolved     _id: 'n@2.1.0',
39 silly resolved     scripts: {},
39 silly resolved     _shasum: '4fc736dc18291e464c79fda9ef8faf21e6e1a679',
39 silly resolved     _from: 'n@',
39 silly resolved     _npmVersion: '3.3.12',
39 silly resolved     _nodeVersion: '5.3.0',
39 silly resolved     _npmUser: { name: 'qw3rtman', email: 'me@nimit.io' },
39 silly resolved     dist:
39 silly resolved      { shasum: '4fc736dc18291e464c79fda9ef8faf21e6e1a679',
39 silly resolved        tarball: 'https://registry.npmjs.org/n/-/n-2.1.0.tgz' },
39 silly resolved     maintainers: [ [Object], [Object], [Object], [Object], [Object], [Object] ],
39 silly resolved     directories: {},
39 silly resolved     _resolved: 'https://registry.npmjs.org/n/-/n-2.1.0.tgz',
39 silly resolved     readme: 'ERROR: No README data found!' } ]
40 info install n@2.1.0 into /usr/local/bin/lib
41 info installOne n@2.1.0
42 verbose lib/node_modules/n unbuild
43 info preuninstall n@2.1.0
44 info uninstall n@2.1.0
45 verbose true,/usr/local/bin/lib/node_modules,/usr/local/bin/lib/node_modules unbuild n@2.1.0
46 verbose /usr/local/bin/bin,[object Object] binRoot
47 verbose lib/node_modules/n unbuild
48 info preuninstall n@2.1.0
49 info uninstall n@2.1.0
50 verbose true,/usr/local/bin/lib/node_modules,/usr/local/bin/lib/node_modules unbuild n@2.1.0
51 verbose /usr/local/bin/bin,[object Object] binRoot
52 error error rolling back Error: EACCES, unlink '/usr/local/bin/bin/n'
52 error error rolling back  n@2.1.0 { [Error: EACCES, unlink '/usr/local/bin/bin/n'] errno: 3, code: 'EACCES', path: '/usr/local/bin/bin/n' }
53 error Error: EACCES, unlink '/usr/local/bin/bin/n'
53 error  { [Error: EACCES, unlink '/usr/local/bin/bin/n'] errno: 3, code: 'EACCES', path: '/usr/local/bin/bin/n' }
54 error Please try running this command again as root/Administrator.
55 error System Linux 4.2.0-34-generic
56 error command "/usr/bin/nodejs" "/usr/bin/npm" "install" "-g" "n"
57 error cwd /home/jackmac/capstone/app/models
58 error node -v v0.10.25
59 error npm -v 1.4.21
60 error path /usr/local/bin/bin/n
61 error code EACCES
62 error errno 3
63 error stack Error: EACCES, unlink '/usr/local/bin/bin/n'
64 verbose exit [ 3, true ]
